Started by user [8mha:////4NUcgF0Zb8q2y186U+etil8O/M78WVokYuqokwmq4GqzAAAAlx+LCAAAAAAAAP9b85aBtbiIQTGjNKU4P08vOT+vOD8nVc83PyU1x6OyILUoJzMv2y+/JJUBAhiZGBgqihhk0NSjKDWzXb3RdlLBUSYGJk8GtpzUvPSSDB8G5tKinBIGIZ+sxLJE/ZzEvHT94JKizLx0a6BxUmjGOUNodHsLgAyuEgZu/dLi1CL9xJTczDwAEmIUecAAAAA=[0mAdmin User
Running as SYSTEM
Building in workspace /var/jenkins_home/workspace/maven-job
The recommended git tool is: NONE
No credentials specified
 > git rev-parse --resolve-git-dir /var/jenkins_home/workspace/maven-job/.git # timeout=10
Fetching changes from the remote Git repository
 > git config remote.origin.url https://github.com/jenkins-docs/simple-java-maven-app.git # timeout=10
Fetching upstream changes from https://github.com/jenkins-docs/simple-java-maven-app.git
 > git --version # timeout=10
 > git --version # 'git version 2.39.5'
 > git fetch --tags --force --progress -- https://github.com/jenkins-docs/simple-java-maven-app.git +refs/heads/*:refs/remotes/origin/* # timeout=10
 > git rev-parse refs/remotes/origin/master^{commit} # timeout=10
Checking out Revision c2ae13e68a398a3999572cefb7d17d8bb0851942 (refs/remotes/origin/master)
 > git config core.sparsecheckout # timeout=10
 > git checkout -f c2ae13e68a398a3999572cefb7d17d8bb0851942 # timeout=10
Commit message: "Merge pull request #1122 from jenkins-docs/dependabot/maven/org.junit.jupiter-junit-jupiter-api-5.12.2"
 > git rev-list --no-walk c2ae13e68a398a3999572cefb7d17d8bb0851942 # timeout=10
Unpacking https://repo.maven.apache.org/maven2/org/apache/maven/apache-maven/3.9.9/apache-maven-3.9.9-bin.zip to /var/jenkins_home/tools/hudson.tasks.Maven_MavenInstallation/jenkins-maven on Jenkins
[maven-job] $ /var/jenkins_home/tools/hudson.tasks.Maven_MavenInstallation/jenkins-maven/bin/mvn mvn -B -DskipTests clean package
[INFO] Scanning for projects...
[INFO] 
[INFO] ----------------------< com.mycompany.app:my-app >----------------------
[INFO] Building my-app 1.0-SNAPSHOT
[INFO]   from pom.xml
[INFO] --------------------------------[ jar ]---------------------------------
[INFO] ------------------------------------------------------------------------
[INFO] BUILD FAILURE
[INFO] ------------------------------------------------------------------------
[INFO] Total time:  0.454 s
[INFO] Finished at: 2025-05-13T04:04:30Z
[INFO] ------------------------------------------------------------------------
[8mha:////4G4py5glFMv9Jr0JkXrW5SBHSW9DRaRKC2CyitNL4aTeAAAAYB+LCAAAAAAAAP9b85aBtbiIQSmjNKU4P0+vJLE4u1gvPjexLDVPzxdEuhYV5Rf55Zek1m9pfpLfVWLNxMBQUcQgBdWQnJ9XnJ+TqucMoUEKGSCAEaSwAABqVhoSYAAAAA==[0m[ERROR] Unknown lifecycle phase "mvn". You must specify a valid lifecycle phase or a goal in the format <plugin-prefix>:<goal> or <plugin-group-id>:<plugin-artifact-id>[:<plugin-version>]:<goal>. Available lifecycle phases are: pre-clean, clean, post-clean, validate, initialize, generate-sources, process-sources, generate-resources, process-resources, compile, process-classes, generate-test-sources, process-test-sources, generate-test-resources, process-test-resources, test-compile, process-test-classes, test, prepare-package, package, pre-integration-test, integration-test, post-integration-test, verify, install, deploy, pre-site, site, post-site, site-deploy. -> [Help 1]
[8mha:////4G4py5glFMv9Jr0JkXrW5SBHSW9DRaRKC2CyitNL4aTeAAAAYB+LCAAAAAAAAP9b85aBtbiIQSmjNKU4P0+vJLE4u1gvPjexLDVPzxdEuhYV5Rf55Zek1m9pfpLfVWLNxMBQUcQgBdWQnJ9XnJ+TqucMoUEKGSCAEaSwAABqVhoSYAAAAA==[0m[ERROR] 
[8mha:////4G4py5glFMv9Jr0JkXrW5SBHSW9DRaRKC2CyitNL4aTeAAAAYB+LCAAAAAAAAP9b85aBtbiIQSmjNKU4P0+vJLE4u1gvPjexLDVPzxdEuhYV5Rf55Zek1m9pfpLfVWLNxMBQUcQgBdWQnJ9XnJ+TqucMoUEKGSCAEaSwAABqVhoSYAAAAA==[0m[ERROR] To see the full stack trace of the errors, re-run Maven with the -e switch.
[8mha:////4G4py5glFMv9Jr0JkXrW5SBHSW9DRaRKC2CyitNL4aTeAAAAYB+LCAAAAAAAAP9b85aBtbiIQSmjNKU4P0+vJLE4u1gvPjexLDVPzxdEuhYV5Rf55Zek1m9pfpLfVWLNxMBQUcQgBdWQnJ9XnJ+TqucMoUEKGSCAEaSwAABqVhoSYAAAAA==[0m[ERROR] Re-run Maven using the -X switch to enable full debug logging.
[8mha:////4G4py5glFMv9Jr0JkXrW5SBHSW9DRaRKC2CyitNL4aTeAAAAYB+LCAAAAAAAAP9b85aBtbiIQSmjNKU4P0+vJLE4u1gvPjexLDVPzxdEuhYV5Rf55Zek1m9pfpLfVWLNxMBQUcQgBdWQnJ9XnJ+TqucMoUEKGSCAEaSwAABqVhoSYAAAAA==[0m[ERROR] 
[8mha:////4G4py5glFMv9Jr0JkXrW5SBHSW9DRaRKC2CyitNL4aTeAAAAYB+LCAAAAAAAAP9b85aBtbiIQSmjNKU4P0+vJLE4u1gvPjexLDVPzxdEuhYV5Rf55Zek1m9pfpLfVWLNxMBQUcQgBdWQnJ9XnJ+TqucMoUEKGSCAEaSwAABqVhoSYAAAAA==[0m[ERROR] For more information about the errors and possible solutions, please read the following articles:
[8mha:////4G4py5glFMv9Jr0JkXrW5SBHSW9DRaRKC2CyitNL4aTeAAAAYB+LCAAAAAAAAP9b85aBtbiIQSmjNKU4P0+vJLE4u1gvPjexLDVPzxdEuhYV5Rf55Zek1m9pfpLfVWLNxMBQUcQgBdWQnJ9XnJ+TqucMoUEKGSCAEaSwAABqVhoSYAAAAA==[0m[ERROR] [Help 1] http://cwiki.apache.org/confluence/display/MAVEN/LifecyclePhaseNotFoundException
Build step 'Invoke top-level Maven targets' marked build as failure
Finished: FAILURE
